<?xml version="1.0" encoding="UTF-8"?>
<testsuite xmlns:xsi="http://www.w3.org/2001/XMLSchema-instance" xsi:noNamespaceSchemaLocation="https://maven.apache.org/surefire/maven-surefire-plugin/xsd/surefire-test-report-3.0.xsd" version="3.0" name="fr.intiformation.DemowebApplicationTests" time="8.354" tests="1" errors="0" skipped="0" failures="0">
  <properties>
[...]
</properties>
  <testcase name="contextLoads" classname="fr.intiformation.DemowebApplicationTests" time="2.397">
    <system-out><![CDATA[10:17:34.157 [main] INFO org.springframework.test.context.support.AnnotationConfigContextLoaderUtils -- Could not detect default configuration classes for test class [fr.intiformation.DemowebApplicationTests]: DemowebApplicationTests does not declare any static, non-private, non-final, nested classes annotated with @Configuration.
10:17:34.607 [main] INFO org.springframework.boot.test.context.SpringBootTestContextBootstrapper -- Found @SpringBootConfiguration fr.intiformation.DemowebApplication for test class fr.intiformation.DemowebApplicationTests

  .   ____          _            __ _ _
 /\\ / ___'_ __ _ _(_)_ __  __ _ \ \ \ \
( ( )\___ | '_ | '_| | '_ \/ _` | \ \ \ \
 \\/  ___)| |_)| | | | | || (_| |  ) ) ) )
  '  |____| .__|_| |_|_| |_\__, | / / / /
 =========|_|==============|___/=/_/_/_/
 :: Spring Boot ::                (v3.2.2)

2024-01-23T10:17:35.869+01:00  INFO 22776 --- [           main] f.intiformation.DemowebApplicationTests  : Starting DemowebApplicationTests using Java 17.0.9 with PID 22776 (started by IN-CV-19 in C:\Users\IN-CV-19\Desktop\Spring_boot_app\demoweb)
2024-01-23T10:17:35.875+01:00  INFO 22776 --- [           main] f.intiformation.DemowebApplicationTests  : No active profile set, falling back to 1 default profile: "default"
2024-01-23T10:17:39.600+01:00  INFO 22776 --- [           main] f.intiformation.DemowebApplicationTests  : Started DemowebApplicationTests in 4.521 seconds (process running for 7.418)
]]></system-out>
  </testcase>
</testsuite>